<?xml version="1.0" encoding="UTF-8"?>
<testsuite name="WebCalculatorApplicationTest" tests="1" skipped="0" failures="0" errors="0" timestamp="2022-03-19T23:07:44" hostname="prabin-ThinkPad-E470" time="3.289">
  <properties/>
  <testcase name="start" classname="WebCalculatorApplicationTest" time="3.289"/>
  <system-out><![CDATA[?[1;31m
Start test 1?[0m

  .   ____          _            __ _ _
 /\\ / ___'_ __ _ _(_)_ __  __ _ \ \ \ \
( ( )\___ | '_ | '_| | '_ \/ _` | \ \ \ \
 \\/  ___)| |_)| | | | | || (_| |  ) ) ) )
  '  |____| .__|_| |_|_| |_\__, | / / / /
 =========|_|==============|___/=/_/_/_/
 :: Spring Boot ::                (v2.5.6)

2022-03-20 00:07:45.056  INFO 28709 --- [    Test worker] calculator.WebCalculatorApplication      : Starting WebCalculatorApplication using Java 17.0.2 on prabin-ThinkPad-E470 with PID 28709 (started by prabin in /home/prabin/IdeaProjects/Cinema Room REST Service/Topics/Posting and deleting data via REST/Web calculator)
2022-03-20 00:07:45.064  INFO 28709 --- [    Test worker] calculator.WebCalculatorApplication      : No active profile set, falling back to default profiles: default
2022-03-20 00:07:46.332  INFO 28709 --- [    Test worker] o.s.b.w.embedded.tomcat.TomcatWebServer  : Tomcat initialized with port(s): 8889 (http)
2022-03-20 00:07:46.362  INFO 28709 --- [    Test worker] o.apache.catalina.core.StandardService   : Starting service [Tomcat]
2022-03-20 00:07:46.363  INFO 28709 --- [    Test worker] org.apache.catalina.core.StandardEngine  : Starting Servlet engine: [Apache Tomcat/9.0.54]
2022-03-20 00:07:46.445  INFO 28709 --- [    Test worker] o.a.c.c.C.[Tomcat].[localhost].[/]       : Initializing Spring embedded WebApplicationContext
2022-03-20 00:07:46.445  INFO 28709 --- [    Test worker] w.s.c.ServletWebServerApplicationContext : Root WebApplicationContext: initialization completed in 1310 ms
2022-03-20 00:07:47.106  INFO 28709 --- [    Test worker] o.s.b.a.e.web.EndpointLinksResolver      : Exposing 14 endpoint(s) beneath base path '/actuator'
2022-03-20 00:07:47.143  INFO 28709 --- [    Test worker] o.s.b.w.embedded.tomcat.TomcatWebServer  : Tomcat started on port(s): 8889 (http) with context path ''
2022-03-20 00:07:47.155  INFO 28709 --- [    Test worker] calculator.WebCalculatorApplication      : Started WebCalculatorApplication in 2.493 seconds (JVM running for 3.199)
2022-03-20 00:07:47.528  INFO 28709 --- [nio-8889-exec-1] o.a.c.c.C.[Tomcat].[localhost].[/]       : Initializing Spring DispatcherServlet 'dispatcherServlet'
2022-03-20 00:07:47.528  INFO 28709 --- [nio-8889-exec-1] o.s.web.servlet.DispatcherServlet        : Initializing Servlet 'dispatcherServlet'
2022-03-20 00:07:47.530  INFO 28709 --- [nio-8889-exec-1] o.s.web.servlet.DispatcherServlet        : Completed initialization in 2 ms
?[1;31m
Start test 2?[0m
?[1;31m
Start test 3?[0m
?[1;31m
Start test 4?[0m
]]></system-out>
  <system-err><![CDATA[]]></system-err>
</testsuite>
